<?xml version="1.0" encoding="UTF-8"?>
<!-- Generated by org.testng.reporters.JUnitXMLReporter -->
<testsuite ignored="0" hostname="DESKTOP-OJULOH6" failures="0" tests="2" name="TestRunner2" time="4.219" errors="0" timestamp="2024-10-05T15:32:46 IST">
  <testcase classname="GenericUtility.BaseClass" name="@BeforeMethod BM" time="2.339">
    <failure type="org.openqa.selenium.StaleElementReferenceException" message="stale element reference: stale element not found
  (Session info: chrome=129.0.6668.72)
For documentation on this error, please visit: https://www.selenium.dev/documentation/webdriver/troubleshooting/errors#stale-element-reference-exception
Build info: version: &amp;apos;4.23.1&amp;apos;, revision: &amp;apos;656257d8e9&amp;apos;
System info: os.name: &amp;apos;Windows 11&amp;apos;, os.arch: &amp;apos;amd64&amp;apos;, os.version: &amp;apos;10.0&amp;apos;, java.version: &amp;apos;17.0.3&amp;apos;
Driver info: org.openqa.selenium.chrome.ChromeDriver
Command: [57ace00e3c4b33779f636976ab037c5a, clickElement {id=f.BF58022322B02E3B351F4FFAEA5213BA.d.6B7EABA6D64E5BADAC997E131036017A.e.32}]
Capabilities {acceptInsecureCerts: false, browserName: chrome, browserVersion: 129.0.6668.72, chrome: {chromedriverVersion: 129.0.6668.89 (951c0b97221f..., userDataDir: C:\Users\HP\AppData\Local\T...}, fedcm:accounts: true, goog:chromeOptions: {debuggerAddress: localhost:57908}, networkConnectionEnabled: false, pageLoadStrategy: normal, platformName: windows, proxy: Proxy(), se:cdp: ws://localhost:57908/devtoo..., se:cdpVersion: 129.0.6668.72, setWindowRect: true, strictFileInteractability: false, timeouts: {implicit: 0, pageLoad: 300000, script: 30000}, unhandledPromptBehavior: dismiss and notify, webauthn:extension:credBlob: true, webauthn:extension:largeBlob: true, webauthn:extension:minPinLength: true, webauthn:extension:prf: true, webauthn:virtualAuthenticators: true}
Element: [[ChromeDriver: chrome on windows (57ace00e3c4b33779f636976ab037c5a)] -&amp;gt; id: submitButton]
Session ID: 57ace00e3c4b33779f636976ab037c5a">
      <![CDATA[org.openqa.selenium.StaleElementReferenceException: stale element reference: stale element not found
  (Session info: chrome=129.0.6668.72)
For documentation on this error, please visit: https://www.selenium.dev/documentation/webdriver/troubleshooting/errors#stale-element-reference-exception
Build info: version: '4.23.1', revision: '656257d8e9'
System info: os.name: 'Windows 11', os.arch: 'amd64', os.version: '10.0', java.version: '17.0.3'
Driver info: org.openqa.selenium.chrome.ChromeDriver
Command: [57ace00e3c4b33779f636976ab037c5a, clickElement {id=f.BF58022322B02E3B351F4FFAEA5213BA.d.6B7EABA6D64E5BADAC997E131036017A.e.32}]
Capabilities {acceptInsecureCerts: false, browserName: chrome, browserVersion: 129.0.6668.72, chrome: {chromedriverVersion: 129.0.6668.89 (951c0b97221f..., userDataDir: C:\Users\HP\AppData\Local\T...}, fedcm:accounts: true, goog:chromeOptions: {debuggerAddress: localhost:57908}, networkConnectionEnabled: false, pageLoadStrategy: normal, platformName: windows, proxy: Proxy(), se:cdp: ws://localhost:57908/devtoo..., se:cdpVersion: 129.0.6668.72, setWindowRect: true, strictFileInteractability: false, timeouts: {implicit: 0, pageLoad: 300000, script: 30000}, unhandledPromptBehavior: dismiss and notify, webauthn:extension:credBlob: true, webauthn:extension:largeBlob: true, webauthn:extension:minPinLength: true, webauthn:extension:prf: true, webauthn:virtualAuthenticators: true}
Element: [[ChromeDriver: chrome on windows (57ace00e3c4b33779f636976ab037c5a)] -> id: submitButton]
Session ID: 57ace00e3c4b33779f636976ab037c5a
at org.openqa.selenium.remote.ErrorCodec.decode(ErrorCodec.java:167)
at org.openqa.selenium.remote.codec.w3c.W3CHttpResponseCodec.decode(W3CHttpResponseCodec.java:138)
at org.openqa.selenium.remote.codec.w3c.W3CHttpResponseCodec.decode(W3CHttpResponseCodec.java:50)
at org.openqa.selenium.remote.HttpCommandExecutor.execute(HttpCommandExecutor.java:190)
at org.openqa.selenium.remote.service.DriverCommandExecutor.invokeExecute(DriverCommandExecutor.java:216)
at org.openqa.selenium.remote.service.DriverCommandExecutor.execute(DriverCommandExecutor.java:174)
at org.openqa.selenium.remote.RemoteWebDriver.execute(RemoteWebDriver.java:545)
at org.openqa.selenium.remote.RemoteWebElement.execute(RemoteWebElement.java:223)
at org.openqa.selenium.remote.RemoteWebElement.click(RemoteWebElement.java:76)
at org.openqa.selenium.support.pagefactory.internal.LocatingElementHandler.invoke(LocatingElementHandler.java:51)
at jdk.proxy2/jdk.proxy2.$Proxy20.click(Unknown Source)
at Element_ObjectRepository.Vtiger_LoginPage.LoginToVtiger(Vtiger_LoginPage.java:41)
at GenericUtility.BaseClass.BM(BaseClass.java:92)
at java.base/java.util.ArrayList.forEach(ArrayList.java:1511)
at java.base/java.util.concurrent.FutureTask.run(FutureTask.java:264)
at java.base/java.util.concurrent.ThreadPoolExecutor.runWorker(ThreadPoolExecutor.java:1136)
at java.base/java.util.concurrent.ThreadPoolExecutor$Worker.run(ThreadPoolExecutor.java:635)
at java.base/java.lang.Thread.run(Thread.java:833)
... Removed 31 stack frames]]>
    </failure>
  </testcase> <!-- @BeforeMethod BM -->
  <testcase classname="GenericUtility.BaseClass" name="@AfterMethod AM" time="-1.728122566877E9">
    <skipped/>
  </testcase> <!-- @AfterMethod AM -->
  <testcase classname="GenericUtility.BaseClass" name="@BeforeMethod BM" time="-1.728122566879E9">
    <skipped/>
  </testcase> <!-- @BeforeMethod BM -->
  <testcase classname="GenericUtility.BaseClass" name="@AfterMethod AM" time="-1.728122566885E9">
    <skipped/>
  </testcase> <!-- @AfterMethod AM -->
  <testcase classname="GenericUtility.BaseClass" name="@AfterClass AC" time="-1.728122566887E9">
    <skipped/>
  </testcase> <!-- @AfterClass AC -->
  <testcase classname="Organization.CreateOrganizationTest" name="createOrganization" time="0.0">
    <skipped/>
  </testcase> <!-- createOrganization -->
  <testcase classname="Organization.CreateOrganizationTest" name="m1" time="0.0">
    <skipped/>
  </testcase> <!-- m1 -->
</testsuite> <!-- TestRunner2 -->
