<?xml version="1.0" encoding="UTF-8"?>
<!-- Generated by org.testng.reporters.JUnitXMLReporter -->
<testsuite ignored="3" hostname="DESKTOP-OJULOH6" failures="1" tests="1" name="Test" time="1.541" errors="0" timestamp="2024-10-05T15:34:01 IST">
  <testcase classname="GenericUtility.BaseClass_Mine_disturbed" name="@AfterMethod AM" time="0.002">
    <failure type="java.lang.NullPointerException" message="Cannot invoke &amp;quot;org.openqa.selenium.SearchContext.findElement(org.openqa.selenium.By)&amp;quot; because &amp;quot;this.searchContext&amp;quot; is null">
      <![CDATA[java.lang.NullPointerException: Cannot invoke "org.openqa.selenium.SearchContext.findElement(org.openqa.selenium.By)" because "this.searchContext" is null
at org.openqa.selenium.support.pagefactory.DefaultElementLocator.findElement(DefaultElementLocator.java:68)
at org.openqa.selenium.support.pagefactory.internal.LocatingElementHandler.invoke(LocatingElementHandler.java:38)
at jdk.proxy2/jdk.proxy2.$Proxy19.click(Unknown Source)
at Element_ObjectRepository.vTiger_CompainConfirmationPage.signOut(vTiger_CompainConfirmationPage.java:43)
at GenericUtility.BaseClass_Mine_disturbed.AM(BaseClass_Mine_disturbed.java:92)
at java.base/java.util.ArrayList.forEach(ArrayList.java:1511)
... Removed 32 stack frames]]>
    </failure>
  </testcase> <!-- @AfterMethod AM -->
  <testcase classname="RegionalRegression.RegionalRegressionEx1Test" name="compaignWithProduct" time="0.019">
    <failure type="java.lang.NullPointerException" message="Cannot invoke &amp;quot;org.openqa.selenium.SearchContext.findElement(org.openqa.selenium.By)&amp;quot; because &amp;quot;this.searchContext&amp;quot; is null">
      <![CDATA[java.lang.NullPointerException: Cannot invoke "org.openqa.selenium.SearchContext.findElement(org.openqa.selenium.By)" because "this.searchContext" is null
at org.openqa.selenium.support.pagefactory.DefaultElementLocator.findElement(DefaultElementLocator.java:68)
at org.openqa.selenium.support.pagefactory.internal.LocatingElementHandler.invoke(LocatingElementHandler.java:38)
at jdk.proxy2/jdk.proxy2.$Proxy19.click(Unknown Source)
at Element_ObjectRepository.vtiger_HomePage.clickOnProduct(vtiger_HomePage.java:97)
at RegionalRegression.RegionalRegressionEx1Test.compaignWithProduct(RegionalRegressionEx1Test.java:61)
at java.base/java.util.ArrayList.forEach(ArrayList.java:1511)
... Removed 27 stack frames]]>
    </failure>
  </testcase> <!-- compaignWithProduct -->
  <testcase classname="Organization.CreateOrganizationTest" name="m1" time="0.0">
    <ignored/>
  </testcase> <!-- m1 -->
  <testcase classname="Organization.CreateOrganizationTest" name="createOrganization" time="0.0">
    <ignored/>
  </testcase> <!-- createOrganization -->
  <testcase classname="RegionalRegression.RegionalRegressionEx1Test" name="createProduct" time="0.0">
    <ignored/>
  </testcase> <!-- createProduct -->
</testsuite> <!-- Test -->
